This file contains any messages produced by compilers while
running configure, to aid debugging if configure makes a mistake.

It was created by HTS-demo_CMU-ARCTIC-ADAPT configure 2.3.2, which was
generated by GNU Autoconf 2.69.  Invocation command line was

  $ ./configure --with-fest-search-path=/home/airenas/projects/hts-scripts/tools/festival/examples --with-sptk-search-path=/home/airenas/projects/hts-scripts/bin/SPTK-3.11/bin --with-hts-search-path=/home/airenas/projects/hts-scripts/bin/HTS-2.3/bin --with-hts-engine-search-path=/home/airenas/projects/hts-scripts/bin/hts_engine_API-1.10/bin DATASET=lab TRAINSPKR=BRO JOK JUK LUK MAK MIC NAS PLA ADAPTSPKR=URB ADAPTHEAD=A0 QNAME=qst001 F0_RANGES=BRO 81 380 JOK 80 367 JUK 77 355 LUK 82 372 MAK 80 383 MIC 88 401 NAS 86 416 PLA 90 428 URB 69 327  SAMPFREQ=44100 DATASET=lab FRAMELEN=1100 FRAMESHIFT=220 NSTATE=5

## --------- ##
## Platform. ##
## --------- ##

hostname = airenas-linux
uname -m = x86_64
uname -r = 4.15.0-76-generic
uname -s = Linux
uname -v = #86-Ubuntu SMP Fri Jan 17 17:24:28 UTC 2020

/usr/bin/uname -p = unknown
/bin/uname -X     = unknown

/bin/arch              = unknown
/usr/bin/arch -k       = unknown
/usr/convex/getsysinfo = unknown
/usr/bin/hostinfo      = unknown
/bin/machine           = unknown
/usr/bin/oslevel       = unknown
/bin/universe          = unknown

PATH: /home/airenas/miniconda3/condabin
PATH: /home/airenas/.sdkman/candidates/gradle/current/bin
PATH: /home/airenas/projects/kaldi_test/kaldi/src/bin
PATH: /home/airenas/projects/srlim/bin/i686-m64
PATH: /home/airenas/bin
PATH: /home/airenas/.local/bin
PATH: /usr/local/go/bin
PATH: /home/airenas/go/bin
PATH: /home/airenas/projects/kirtis/tools/bin
PATH: /home/airenas/projects/punctuation/tools/bin
PATH: /usr/local/sbin
PATH: /usr/local/bin
PATH: /usr/sbin
PATH: /usr/bin
PATH: /sbin
PATH: /bin
PATH: /usr/games
PATH: /usr/local/games
PATH: /snap/bin
PATH: /usr/local/go/bin
PATH: /home/airenas/go/bin
PATH: /usr/lib/jvm/java-8-oracle/bin
PATH: /usr/lib/jvm/java-8-oracle/db/bin
PATH: /usr/lib/jvm/java-8-oracle/jre/bin


## ----------- ##
## Core tests. ##
## ----------- ##

configure:2133: checking for gawk
configure:2149: found /usr/bin/gawk
configure:2160: result: gawk
configure:2175: checking for perl
configure:2194: found /usr/bin/perl
configure:2207: result: /usr/bin/perl
configure:2222: checking for python
configure:2241: found /usr/bin/python
configure:2254: result: /usr/bin/python
configure:2276: checking for wc
configure:2295: found /usr/bin/wc
configure:2308: result: /usr/bin/wc
configure:2334: checking for text2utt
configure:2353: found /home/airenas/projects/hts-scripts/tools/festival/examples/text2utt
configure:2366: result: /home/airenas/projects/hts-scripts/tools/festival/examples/text2utt
configure:2381: checking for dumpfeats
configure:2400: found /home/airenas/projects/hts-scripts/tools/festival/examples/dumpfeats
configure:2413: result: /home/airenas/projects/hts-scripts/tools/festival/examples/dumpfeats
configure:2439: checking for x2x
configure:2458: found /home/airenas/projects/hts-scripts/bin/SPTK-3.11/bin/x2x
configure:2471: result: /home/airenas/projects/hts-scripts/bin/SPTK-3.11/bin/x2x
configure:2486: checking for frame
configure:2505: found /home/airenas/projects/hts-scripts/bin/SPTK-3.11/bin/frame
configure:2518: result: /home/airenas/projects/hts-scripts/bin/SPTK-3.11/bin/frame
configure:2533: checking for window
configure:2552: found /home/airenas/projects/hts-scripts/bin/SPTK-3.11/bin/window
configure:2565: result: /home/airenas/projects/hts-scripts/bin/SPTK-3.11/bin/window
configure:2581: checking for mcep
configure:2600: found /home/airenas/projects/hts-scripts/bin/SPTK-3.11/bin/mcep
configure:2613: result: /home/airenas/projects/hts-scripts/bin/SPTK-3.11/bin/mcep
configure:2721: checking for lpc2lsp
configure:2740: found /home/airenas/projects/hts-scripts/bin/SPTK-3.11/bin/lpc2lsp
configure:2753: result: /home/airenas/projects/hts-scripts/bin/SPTK-3.11/bin/lpc2lsp
configure:2768: checking for nan
configure:2787: found /home/airenas/projects/hts-scripts/bin/SPTK-3.11/bin/nan
configure:2800: result: /home/airenas/projects/hts-scripts/bin/SPTK-3.11/bin/nan
configure:2815: checking for bcut
configure:2834: found /home/airenas/projects/hts-scripts/bin/SPTK-3.11/bin/bcut
configure:2847: result: /home/airenas/projects/hts-scripts/bin/SPTK-3.11/bin/bcut
configure:2862: checking for vstat
configure:2881: found /home/airenas/projects/hts-scripts/bin/SPTK-3.11/bin/vstat
configure:2894: result: /home/airenas/projects/hts-scripts/bin/SPTK-3.11/bin/vstat
configure:2909: checking for sopr
configure:2928: found /home/airenas/projects/hts-scripts/bin/SPTK-3.11/bin/sopr
configure:2941: result: /home/airenas/projects/hts-scripts/bin/SPTK-3.11/bin/sopr
configure:2956: checking for vopr
configure:2975: found /home/airenas/projects/hts-scripts/bin/SPTK-3.11/bin/vopr
configure:2988: result: /home/airenas/projects/hts-scripts/bin/SPTK-3.11/bin/vopr
configure:3003: checking for vsum
configure:3022: found /home/airenas/projects/hts-scripts/bin/SPTK-3.11/bin/vsum
configure:3035: result: /home/airenas/projects/hts-scripts/bin/SPTK-3.11/bin/vsum
configure:3050: checking for freqt
configure:3069: found /home/airenas/projects/hts-scripts/bin/SPTK-3.11/bin/freqt
configure:3082: result: /home/airenas/projects/hts-scripts/bin/SPTK-3.11/bin/freqt
configure:3097: checking for c2acr
configure:3116: found /home/airenas/projects/hts-scripts/bin/SPTK-3.11/bin/c2acr
configure:3129: result: /home/airenas/projects/hts-scripts/bin/SPTK-3.11/bin/c2acr
configure:3144: checking for mc2b
configure:3163: found /home/airenas/projects/hts-scripts/bin/SPTK-3.11/bin/mc2b
configure:3176: result: /home/airenas/projects/hts-scripts/bin/SPTK-3.11/bin/mc2b
configure:3191: checking for b2mc
configure:3210: found /home/airenas/projects/hts-scripts/bin/SPTK-3.11/bin/b2mc
configure:3223: result: /home/airenas/projects/hts-scripts/bin/SPTK-3.11/bin/b2mc
configure:3238: checking for merge
configure:3257: found /home/airenas/projects/hts-scripts/bin/SPTK-3.11/bin/merge
configure:3270: result: /home/airenas/projects/hts-scripts/bin/SPTK-3.11/bin/merge
configure:3285: checking for bcp
configure:3304: found /home/airenas/projects/hts-scripts/bin/SPTK-3.11/bin/bcp
configure:3317: result: /home/airenas/projects/hts-scripts/bin/SPTK-3.11/bin/bcp
configure:3332: checking for excite
configure:3351: found /home/airenas/projects/hts-scripts/bin/SPTK-3.11/bin/excite
configure:3364: result: /home/airenas/projects/hts-scripts/bin/SPTK-3.11/bin/excite
configure:3379: checking for lsp2lpc
configure:3398: found /home/airenas/projects/hts-scripts/bin/SPTK-3.11/bin/lsp2lpc
configure:3411: result: /home/airenas/projects/hts-scripts/bin/SPTK-3.11/bin/lsp2lpc
configure:3426: checking for lspcheck
configure:3445: found /home/airenas/projects/hts-scripts/bin/SPTK-3.11/bin/lspcheck
configure:3458: result: /home/airenas/projects/hts-scripts/bin/SPTK-3.11/bin/lspcheck
configure:3473: checking for mgc2mgc
configure:3492: found /home/airenas/projects/hts-scripts/bin/SPTK-3.11/bin/mgc2mgc
configure:3505: result: /home/airenas/projects/hts-scripts/bin/SPTK-3.11/bin/mgc2mgc
configure:3520: checking for mglsadf
configure:3539: found /home/airenas/projects/hts-scripts/bin/SPTK-3.11/bin/mglsadf
configure:3552: result: /home/airenas/projects/hts-scripts/bin/SPTK-3.11/bin/mglsadf
configure:3567: checking for dfs
configure:3586: found /home/airenas/projects/hts-scripts/bin/SPTK-3.11/bin/dfs
configure:3599: result: /home/airenas/projects/hts-scripts/bin/SPTK-3.11/bin/dfs
configure:3614: checking for mgc2sp
configure:3633: found /home/airenas/projects/hts-scripts/bin/SPTK-3.11/bin/mgc2sp
configure:3646: result: /home/airenas/projects/hts-scripts/bin/SPTK-3.11/bin/mgc2sp
configure:3661: checking for minmax
configure:3680: found /home/airenas/projects/hts-scripts/bin/SPTK-3.11/bin/minmax
configure:3693: result: /home/airenas/projects/hts-scripts/bin/SPTK-3.11/bin/minmax
configure:3708: checking for swab
configure:3727: found /home/airenas/projects/hts-scripts/bin/SPTK-3.11/bin/swab
configure:3740: result: /home/airenas/projects/hts-scripts/bin/SPTK-3.11/bin/swab
configure:3755: checking for raw2wav
configure:3774: found /home/airenas/projects/hts-scripts/bin/SPTK-3.11/bin/raw2wav
configure:3787: result: /home/airenas/projects/hts-scripts/bin/SPTK-3.11/bin/raw2wav
configure:3802: checking for wav2raw
configure:3821: found /home/airenas/projects/hts-scripts/bin/SPTK-3.11/bin/wav2raw
configure:3834: result: /home/airenas/projects/hts-scripts/bin/SPTK-3.11/bin/wav2raw
configure:3849: checking for pitch
configure:3868: found /home/airenas/projects/hts-scripts/bin/SPTK-3.11/bin/pitch
configure:3881: result: /home/airenas/projects/hts-scripts/bin/SPTK-3.11/bin/pitch
configure:3896: checking for mlpg
configure:3915: found /home/airenas/projects/hts-scripts/bin/SPTK-3.11/bin/mlpg
configure:3928: result: /home/airenas/projects/hts-scripts/bin/SPTK-3.11/bin/mlpg
configure:3943: checking for interpolate
configure:3962: found /home/airenas/projects/hts-scripts/bin/SPTK-3.11/bin/interpolate
configure:3975: result: /home/airenas/projects/hts-scripts/bin/SPTK-3.11/bin/interpolate
configure:3999: checking for matlab
configure:4031: result: :
configure:4103: checking for HMGenS
configure:4122: found /home/airenas/projects/hts-scripts/bin/HTS-2.3/bin/HMGenS
configure:4135: result: /home/airenas/projects/hts-scripts/bin/HTS-2.3/bin/HMGenS
configure:4150: checking for HCompV
configure:4169: found /home/airenas/projects/hts-scripts/bin/HTS-2.3/bin/HCompV
configure:4182: result: /home/airenas/projects/hts-scripts/bin/HTS-2.3/bin/HCompV
configure:4197: checking for HList
configure:4216: found /home/airenas/projects/hts-scripts/bin/HTS-2.3/bin/HList
configure:4229: result: /home/airenas/projects/hts-scripts/bin/HTS-2.3/bin/HList
configure:4244: checking for HInit
configure:4263: found /home/airenas/projects/hts-scripts/bin/HTS-2.3/bin/HInit
configure:4276: result: /home/airenas/projects/hts-scripts/bin/HTS-2.3/bin/HInit
configure:4291: checking for HRest
configure:4310: found /home/airenas/projects/hts-scripts/bin/HTS-2.3/bin/HRest
configure:4323: result: /home/airenas/projects/hts-scripts/bin/HTS-2.3/bin/HRest
configure:4338: checking for HERest
configure:4357: found /home/airenas/projects/hts-scripts/bin/HTS-2.3/bin/HERest
configure:4370: result: /home/airenas/projects/hts-scripts/bin/HTS-2.3/bin/HERest
configure:4385: checking for HHEd
configure:4404: found /home/airenas/projects/hts-scripts/bin/HTS-2.3/bin/HHEd
configure:4417: result: /home/airenas/projects/hts-scripts/bin/HTS-2.3/bin/HHEd
configure:4432: checking for HSMMAlign
configure:4451: found /home/airenas/projects/hts-scripts/bin/HTS-2.3/bin/HSMMAlign
configure:4464: result: /home/airenas/projects/hts-scripts/bin/HTS-2.3/bin/HSMMAlign
configure:4490: checking for hts_engine
configure:4509: found /home/airenas/projects/hts-scripts/bin/hts_engine_API-1.10/bin/hts_engine
configure:4522: result: /home/airenas/projects/hts-scripts/bin/hts_engine_API-1.10/bin/hts_engine
configure:5413: creating ./config.status

## ---------------------- ##
## Running config.status. ##
## ---------------------- ##

This file was extended by HTS-demo_CMU-ARCTIC-ADAPT config.status 2.3.2, which was
generated by GNU Autoconf 2.69.  Invocation command line was

  CONFIG_FILES    = 
  CONFIG_HEADERS  = 
  CONFIG_LINKS    = 
  CONFIG_COMMANDS = 
  $ ./config.status 

on airenas-linux

config.status:870: creating data/Makefile
config.status:870: creating Makefile
config.status:870: creating scripts/Config.pm

## ---------------- ##
## Cache variables. ##
## ---------------- ##

ac_cv_env_ACTIVATION_set=
ac_cv_env_ACTIVATION_value=
ac_cv_env_ADAPTHEAD_set=set
ac_cv_env_ADAPTHEAD_value=A0
ac_cv_env_ADAPTSPKR_set=set
ac_cv_env_ADAPTSPKR_value=URB
ac_cv_env_ADDMAP_set=
ac_cv_env_ADDMAP_value=
ac_cv_env_BAPBANDWIDTH_set=
ac_cv_env_BAPBANDWIDTH_value=
ac_cv_env_BAPOCCTHRESH_set=
ac_cv_env_BAPOCCTHRESH_value=
ac_cv_env_BAPORDER_set=
ac_cv_env_BAPORDER_value=
ac_cv_env_BATCHSIZE_set=
ac_cv_env_BATCHSIZE_value=
ac_cv_env_CDGV_set=
ac_cv_env_CDGV_value=
ac_cv_env_CMPBIAS_set=
ac_cv_env_CMPBIAS_value=
ac_cv_env_CMPMAPTAU_set=
ac_cv_env_CMPMAPTAU_value=
ac_cv_env_DAEMALPHA_set=
ac_cv_env_DAEMALPHA_value=
ac_cv_env_DAEMNITER_set=
ac_cv_env_DAEMNITER_value=
ac_cv_env_DAEM_set=
ac_cv_env_DAEM_value=
ac_cv_env_DATASET_set=set
ac_cv_env_DATASET_value=lab
ac_cv_env_DECBAPOCCTHRESH_set=
ac_cv_env_DECBAPOCCTHRESH_value=
ac_cv_env_DECDUROCCTHRESH_set=
ac_cv_env_DECDUROCCTHRESH_value=
ac_cv_env_DECLF0OCCTHRESH_set=
ac_cv_env_DECLF0OCCTHRESH_value=
ac_cv_env_DECMGCOCCTHRESH_set=
ac_cv_env_DECMGCOCCTHRESH_value=
ac_cv_env_DURBIAS_set=
ac_cv_env_DURBIAS_value=
ac_cv_env_DURMAPTAU_set=
ac_cv_env_DURMAPTAU_value=
ac_cv_env_DUROCCTHRESH_set=
ac_cv_env_DUROCCTHRESH_value=
ac_cv_env_EMEPSILON_set=
ac_cv_env_EMEPSILON_value=
ac_cv_env_F0_RANGES_set=set
ac_cv_env_F0_RANGES_value='BRO 81 380 JOK 80 367 JUK 77 355 LUK 82 372 MAK 80 383 MIC 88 401 NAS 86 416 PLA 90 428 URB 69 327 '
ac_cv_env_FFTLEN_set=
ac_cv_env_FFTLEN_value=
ac_cv_env_FRAMELEN_set=set
ac_cv_env_FRAMELEN_value=1100
ac_cv_env_FRAMESHIFT_set=set
ac_cv_env_FRAMESHIFT_value=220
ac_cv_env_FREQWARP_set=
ac_cv_env_FREQWARP_value=
ac_cv_env_FULLCONTEXT_FORMAT_set=
ac_cv_env_FULLCONTEXT_FORMAT_value=
ac_cv_env_FULLCONTEXT_VERSION_set=
ac_cv_env_FULLCONTEXT_VERSION_value=
ac_cv_env_GAMMA_set=
ac_cv_env_GAMMA_value=
ac_cv_env_GVEPSILON_set=
ac_cv_env_GVEPSILON_value=
ac_cv_env_GVWEIGHT_set=
ac_cv_env_GVWEIGHT_value=
ac_cv_env_HMMWEIGHT_set=
ac_cv_env_HMMWEIGHT_value=
ac_cv_env_IMPLEN_set=
ac_cv_env_IMPLEN_value=
ac_cv_env_KEEPPROB_set=
ac_cv_env_KEEPPROB_value=
ac_cv_env_LEARNRATE_set=
ac_cv_env_LEARNRATE_value=
ac_cv_env_LF0BANDWIDTH_set=
ac_cv_env_LF0BANDWIDTH_value=
ac_cv_env_LF0OCCTHRESH_set=
ac_cv_env_LF0OCCTHRESH_value=
ac_cv_env_LNGAIN_set=
ac_cv_env_LNGAIN_value=
ac_cv_env_MAXDEV_set=
ac_cv_env_MAXDEV_value=
ac_cv_env_MAXEMITER_set=
ac_cv_env_MAXEMITER_value=
ac_cv_env_MAXGVITER_set=
ac_cv_env_MAXGVITER_value=
ac_cv_env_MGCBANDWIDTH_set=
ac_cv_env_MGCBANDWIDTH_value=
ac_cv_env_MGCOCCTHRESH_set=
ac_cv_env_MGCOCCTHRESH_value=
ac_cv_env_MGCORDER_set=
ac_cv_env_MGCORDER_value=
ac_cv_env_MINDUR_set=
ac_cv_env_MINDUR_value=
ac_cv_env_MINEUCNORM_set=
ac_cv_env_MINEUCNORM_value=
ac_cv_env_NADAPTEPOCH_set=
ac_cv_env_NADAPTEPOCH_value=
ac_cv_env_NBAPTRANSBLK_set=
ac_cv_env_NBAPTRANSBLK_value=
ac_cv_env_NBAPWIN_set=
ac_cv_env_NBAPWIN_value=
ac_cv_env_NEPOCH_set=
ac_cv_env_NEPOCH_value=
ac_cv_env_NHIDDENUNITS_set=
ac_cv_env_NHIDDENUNITS_value=
ac_cv_env_NITER_set=
ac_cv_env_NITER_value=
ac_cv_env_NLF0TRANSBLK_set=
ac_cv_env_NLF0TRANSBLK_value=
ac_cv_env_NLF0WIN_set=
ac_cv_env_NLF0WIN_value=
ac_cv_env_NMGCTRANSBLK_set=
ac_cv_env_NMGCTRANSBLK_value=
ac_cv_env_NMGCWIN_set=
ac_cv_env_NMGCWIN_value=
ac_cv_env_NORMALIZE_set=
ac_cv_env_NORMALIZE_value=
ac_cv_env_NOSILGV_set=
ac_cv_env_NOSILGV_value=
ac_cv_env_NSTATE_set=set
ac_cv_env_NSTATE_value=5
ac_cv_env_NTHREAD_set=
ac_cv_env_NTHREAD_value=
ac_cv_env_NUMADAPT_set=
ac_cv_env_NUMADAPT_value=
ac_cv_env_NUMSAT_set=
ac_cv_env_NUMSAT_value=
ac_cv_env_OPTIMIZER_set=
ac_cv_env_OPTIMIZER_value=
ac_cv_env_OPTKIND_set=
ac_cv_env_OPTKIND_value=
ac_cv_env_PGTYPE_set=
ac_cv_env_PGTYPE_value=
ac_cv_env_PRIORSCALE_set=
ac_cv_env_PRIORSCALE_value=
ac_cv_env_PSTFILTER_LSP_set=
ac_cv_env_PSTFILTER_LSP_value=
ac_cv_env_PSTFILTER_MCP_set=
ac_cv_env_PSTFILTER_MCP_value=
ac_cv_env_QNAME_set=set
ac_cv_env_QNAME_value=qst001
ac_cv_env_QUEUESIZE_set=
ac_cv_env_QUEUESIZE_value=
ac_cv_env_RANDOMSEED_set=
ac_cv_env_RANDOMSEED_value=
ac_cv_env_SAMPFREQ_set=set
ac_cv_env_SAMPFREQ_value=44100
ac_cv_env_SATBAPOCCTHRESH_set=
ac_cv_env_SATBAPOCCTHRESH_value=
ac_cv_env_SATDUROCCTHRESH_set=
ac_cv_env_SATDUROCCTHRESH_value=
ac_cv_env_SATLF0OCCTHRESH_set=
ac_cv_env_SATLF0OCCTHRESH_value=
ac_cv_env_SATMGCOCCTHRESH_set=
ac_cv_env_SATMGCOCCTHRESH_value=
ac_cv_env_SATTREEKIND_set=
ac_cv_env_SATTREEKIND_value=
ac_cv_env_STEPDEC_set=
ac_cv_env_STEPDEC_value=
ac_cv_env_STEPINC_set=
ac_cv_env_STEPINC_value=
ac_cv_env_STEPINIT_set=
ac_cv_env_STEPINIT_value=
ac_cv_env_TRAINSPKR_set=set
ac_cv_env_TRAINSPKR_value='BRO JOK JUK LUK MAK MIC NAS PLA'
ac_cv_env_TRANSKIND_set=
ac_cv_env_TRANSKIND_value=
ac_cv_env_TREEKIND_set=
ac_cv_env_TREEKIND_value=
ac_cv_env_USEDCOV_set=
ac_cv_env_USEDCOV_value=
ac_cv_env_USEDNN_set=
ac_cv_env_USEDNN_value=
ac_cv_env_USEHMMGV_set=
ac_cv_env_USEHMMGV_value=
ac_cv_env_USEMAPLR_set=
ac_cv_env_USEMAPLR_value=
ac_cv_env_USESTRAIGHT_set=
ac_cv_env_USESTRAIGHT_value=
ac_cv_env_USESTRUCTURALPRIOR_set=
ac_cv_env_USESTRUCTURALPRIOR_value=
ac_cv_env_USEUTT_set=
ac_cv_env_USEUTT_value=
ac_cv_env_USEVBLR_set=
ac_cv_env_USEVBLR_value=
ac_cv_env_VER_set=
ac_cv_env_VER_value=
ac_cv_env_WFLOOR_set=
ac_cv_env_WFLOOR_value=
ac_cv_env_WINDOWTYPE_set=
ac_cv_env_WINDOWTYPE_value=
ac_cv_env_build_alias_set=
ac_cv_env_build_alias_value=
ac_cv_env_host_alias_set=
ac_cv_env_host_alias_value=
ac_cv_env_target_alias_set=
ac_cv_env_target_alias_value=
ac_cv_path_B2MC=/home/airenas/projects/hts-scripts/bin/SPTK-3.11/bin/b2mc
ac_cv_path_BCP=/home/airenas/projects/hts-scripts/bin/SPTK-3.11/bin/bcp
ac_cv_path_BCUT=/home/airenas/projects/hts-scripts/bin/SPTK-3.11/bin/bcut
ac_cv_path_C2ACR=/home/airenas/projects/hts-scripts/bin/SPTK-3.11/bin/c2acr
ac_cv_path_DFS=/home/airenas/projects/hts-scripts/bin/SPTK-3.11/bin/dfs
ac_cv_path_DUMPFEATS=/home/airenas/projects/hts-scripts/tools/festival/examples/dumpfeats
ac_cv_path_ENGINE=/home/airenas/projects/hts-scripts/bin/hts_engine_API-1.10/bin/hts_engine
ac_cv_path_EXCITE=/home/airenas/projects/hts-scripts/bin/SPTK-3.11/bin/excite
ac_cv_path_FRAME=/home/airenas/projects/hts-scripts/bin/SPTK-3.11/bin/frame
ac_cv_path_FREQT=/home/airenas/projects/hts-scripts/bin/SPTK-3.11/bin/freqt
ac_cv_path_HCOMPV=/home/airenas/projects/hts-scripts/bin/HTS-2.3/bin/HCompV
ac_cv_path_HEREST=/home/airenas/projects/hts-scripts/bin/HTS-2.3/bin/HERest
ac_cv_path_HHED=/home/airenas/projects/hts-scripts/bin/HTS-2.3/bin/HHEd
ac_cv_path_HINIT=/home/airenas/projects/hts-scripts/bin/HTS-2.3/bin/HInit
ac_cv_path_HLIST=/home/airenas/projects/hts-scripts/bin/HTS-2.3/bin/HList
ac_cv_path_HMGENS=/home/airenas/projects/hts-scripts/bin/HTS-2.3/bin/HMGenS
ac_cv_path_HREST=/home/airenas/projects/hts-scripts/bin/HTS-2.3/bin/HRest
ac_cv_path_HSMMALIGN=/home/airenas/projects/hts-scripts/bin/HTS-2.3/bin/HSMMAlign
ac_cv_path_INTERPOLATE=/home/airenas/projects/hts-scripts/bin/SPTK-3.11/bin/interpolate
ac_cv_path_LPC2LSP=/home/airenas/projects/hts-scripts/bin/SPTK-3.11/bin/lpc2lsp
ac_cv_path_LSP2LPC=/home/airenas/projects/hts-scripts/bin/SPTK-3.11/bin/lsp2lpc
ac_cv_path_LSPCHECK=/home/airenas/projects/hts-scripts/bin/SPTK-3.11/bin/lspcheck
ac_cv_path_MATLAB=:
ac_cv_path_MC2B=/home/airenas/projects/hts-scripts/bin/SPTK-3.11/bin/mc2b
ac_cv_path_MERGE=/home/airenas/projects/hts-scripts/bin/SPTK-3.11/bin/merge
ac_cv_path_MGC2MGC=/home/airenas/projects/hts-scripts/bin/SPTK-3.11/bin/mgc2mgc
ac_cv_path_MGC2SP=/home/airenas/projects/hts-scripts/bin/SPTK-3.11/bin/mgc2sp
ac_cv_path_MGCEP=/home/airenas/projects/hts-scripts/bin/SPTK-3.11/bin/mcep
ac_cv_path_MGLSADF=/home/airenas/projects/hts-scripts/bin/SPTK-3.11/bin/mglsadf
ac_cv_path_MINMAX=/home/airenas/projects/hts-scripts/bin/SPTK-3.11/bin/minmax
ac_cv_path_MLPG=/home/airenas/projects/hts-scripts/bin/SPTK-3.11/bin/mlpg
ac_cv_path_NAN=/home/airenas/projects/hts-scripts/bin/SPTK-3.11/bin/nan
ac_cv_path_PERL=/usr/bin/perl
ac_cv_path_PITCH=/home/airenas/projects/hts-scripts/bin/SPTK-3.11/bin/pitch
ac_cv_path_PYTHON=/usr/bin/python
ac_cv_path_RAW2WAV=/home/airenas/projects/hts-scripts/bin/SPTK-3.11/bin/raw2wav
ac_cv_path_SOPR=/home/airenas/projects/hts-scripts/bin/SPTK-3.11/bin/sopr
ac_cv_path_SWAB=/home/airenas/projects/hts-scripts/bin/SPTK-3.11/bin/swab
ac_cv_path_TEXT2UTT=/home/airenas/projects/hts-scripts/tools/festival/examples/text2utt
ac_cv_path_VOPR=/home/airenas/projects/hts-scripts/bin/SPTK-3.11/bin/vopr
ac_cv_path_VSTAT=/home/airenas/projects/hts-scripts/bin/SPTK-3.11/bin/vstat
ac_cv_path_VSUM=/home/airenas/projects/hts-scripts/bin/SPTK-3.11/bin/vsum
ac_cv_path_WAV2RAW=/home/airenas/projects/hts-scripts/bin/SPTK-3.11/bin/wav2raw
ac_cv_path_WC=/usr/bin/wc
ac_cv_path_WINDOW=/home/airenas/projects/hts-scripts/bin/SPTK-3.11/bin/window
ac_cv_path_X2X=/home/airenas/projects/hts-scripts/bin/SPTK-3.11/bin/x2x
ac_cv_prog_AWK=gawk

## ----------------- ##
## Output variables. ##
## ----------------- ##

ACTIVATION='1'
ADAPTHEAD='A0'
ADAPTSPKR='URB'
ADDMAP='1'
AWK='gawk'
B2MC='/home/airenas/projects/hts-scripts/bin/SPTK-3.11/bin/b2mc'
BAPBANDWIDTH='25'
BAPOCCTHRESH='100.0'
BAPORDER='24'
BAPSTREN='5'
BAPSTRST='5'
BAPVSIZE='25'
BATCHSIZE='512'
BCP='/home/airenas/projects/hts-scripts/bin/SPTK-3.11/bin/bcp'
BCUT='/home/airenas/projects/hts-scripts/bin/SPTK-3.11/bin/bcut'
C2ACR='/home/airenas/projects/hts-scripts/bin/SPTK-3.11/bin/c2acr'
CDGV='1'
CMPBIAS='TRUE'
CMPMAPTAU='50.0'
DAEM='0'
DAEMALPHA='1.0'
DAEMNITER='10'
DATASET='lab'
DECBAPOCCTHRESH='100.0'
DECDUROCCTHRESH='50.0'
DECLF0OCCTHRESH='100.0'
DECMGCOCCTHRESH='500.0'
DEFS='-DPACKAGE_NAME=\"HTS-demo_CMU-ARCTIC-ADAPT\" -DPACKAGE_TARNAME=\"hts-demo_cmu-arctic-adapt\" -DPACKAGE_VERSION=\"2.3.2\" -DPACKAGE_STRING=\"HTS-demo_CMU-ARCTIC-ADAPT\ 2.3.2\" -DPACKAGE_BUGREPORT=\"hts-users@sp.nitech.ac.jp\" -DPACKAGE_URL=\"\"'
DFS='/home/airenas/projects/hts-scripts/bin/SPTK-3.11/bin/dfs'
DUMPFEATS='/home/airenas/projects/hts-scripts/tools/festival/examples/dumpfeats'
DURBIAS='TRUE'
DURMAPTAU='50.0'
DUROCCTHRESH='50.0'
ECHO_C=''
ECHO_N='-n'
ECHO_T=''
EMEPSILON='0.0001'
ENGINE='/home/airenas/projects/hts-scripts/bin/hts_engine_API-1.10/bin/hts_engine'
EXCITE='/home/airenas/projects/hts-scripts/bin/SPTK-3.11/bin/excite'
F0_RANGES='BRO 81 380 JOK 80 367 JUK 77 355 LUK 82 372 MAK 80 383 MIC 88 401 NAS 86 416 PLA 90 428 URB 69 327 '
FFTLEN='2048'
FRAME='/home/airenas/projects/hts-scripts/bin/SPTK-3.11/bin/frame'
FRAMELEN='1100'
FRAMESHIFT='220'
FREQT='/home/airenas/projects/hts-scripts/bin/SPTK-3.11/bin/freqt'
FREQWARP='0.53'
FULLCONTEXT_FORMAT='HTS_TTS_ENG'
FULLCONTEXT_VERSION='1.0'
GAMMA='0'
GVEPSILON='0.0001'
GVWEIGHT='1.0'
HCOMPV='/home/airenas/projects/hts-scripts/bin/HTS-2.3/bin/HCompV'
HEREST='/home/airenas/projects/hts-scripts/bin/HTS-2.3/bin/HERest'
HHED='/home/airenas/projects/hts-scripts/bin/HTS-2.3/bin/HHEd'
HINIT='/home/airenas/projects/hts-scripts/bin/HTS-2.3/bin/HInit'
HLIST='/home/airenas/projects/hts-scripts/bin/HTS-2.3/bin/HList'
HMGENS='/home/airenas/projects/hts-scripts/bin/HTS-2.3/bin/HMGenS'
HMMWEIGHT='1.0'
HREST='/home/airenas/projects/hts-scripts/bin/HTS-2.3/bin/HRest'
HSMMALIGN='/home/airenas/projects/hts-scripts/bin/HTS-2.3/bin/HSMMAlign'
IMPLEN='4096'
INTERPOLATE='/home/airenas/projects/hts-scripts/bin/SPTK-3.11/bin/interpolate'
KEEPPROB='0.5'
LEARNRATE='0.001'
LF0BANDWIDTH='1'
LF0OCCTHRESH='100.0'
LF0STREN='4'
LF0STRST='2'
LIBOBJS=''
LIBS=''
LNGAIN='1'
LPC2LSP='/home/airenas/projects/hts-scripts/bin/SPTK-3.11/bin/lpc2lsp'
LSP2LPC='/home/airenas/projects/hts-scripts/bin/SPTK-3.11/bin/lsp2lpc'
LSPCHECK='/home/airenas/projects/hts-scripts/bin/SPTK-3.11/bin/lspcheck'
LTLIBOBJS=''
MATLAB=': -nodisplay -nosplash -nojvm'
MAXDEV='10'
MAXEMITER='20'
MAXGVITER='50'
MC2B='/home/airenas/projects/hts-scripts/bin/SPTK-3.11/bin/mc2b'
MERGE='/home/airenas/projects/hts-scripts/bin/SPTK-3.11/bin/merge'
MGC2MGC='/home/airenas/projects/hts-scripts/bin/SPTK-3.11/bin/mgc2mgc'
MGC2SP='/home/airenas/projects/hts-scripts/bin/SPTK-3.11/bin/mgc2sp'
MGCBANDWIDTH='35'
MGCEP='/home/airenas/projects/hts-scripts/bin/SPTK-3.11/bin/mcep'
MGCOCCTHRESH='500.0'
MGCORDER='34'
MGCSTREN='1'
MGCSTRST='1'
MGCVSIZE='35'
MGLSADF='/home/airenas/projects/hts-scripts/bin/SPTK-3.11/bin/mglsadf'
MINDUR='5'
MINEUCNORM='0.01'
MINMAX='/home/airenas/projects/hts-scripts/bin/SPTK-3.11/bin/minmax'
MLPG='/home/airenas/projects/hts-scripts/bin/SPTK-3.11/bin/mlpg'
NADAPTEPOCH='50'
NAN='/home/airenas/projects/hts-scripts/bin/SPTK-3.11/bin/nan'
NBAPTRANSBLK='3'
NBAPWIN='3'
NEPOCH='100'
NHIDDENUNITS='2048 2048 2048 2048 2048'
NITER='5'
NLF0TRANSBLK='1'
NLF0WIN='3'
NMGCTRANSBLK='3'
NMGCWIN='3'
NORMALIZE='1'
NOSILGV='1'
NSTATE='5'
NTHREAD='0'
NUMADAPT='3'
NUMSAT='3'
OPTIMIZER='4'
OPTKIND='NEWTON'
PACKAGE_BUGREPORT='hts-users@sp.nitech.ac.jp'
PACKAGE_NAME='HTS-demo_CMU-ARCTIC-ADAPT'
PACKAGE_STRING='HTS-demo_CMU-ARCTIC-ADAPT 2.3.2'
PACKAGE_TARNAME='hts-demo_cmu-arctic-adapt'
PACKAGE_URL=''
PACKAGE_VERSION='2.3.2'
PATH_SEPARATOR=':'
PERL='/usr/bin/perl'
PGTYPE='0'
PITCH='/home/airenas/projects/hts-scripts/bin/SPTK-3.11/bin/pitch'
PRIORSCALE='1.0'
PSTFILTER_LSP='0.7'
PSTFILTER_MCP='1.4'
PWD='/home/airenas/projects/hts-scripts/demo/hts-lt'
PYTHON='/usr/bin/python -u -B'
QNAME='qst001'
QUEUESIZE='10000'
RANDOMSEED='12345'
RAW2WAV='/home/airenas/projects/hts-scripts/bin/SPTK-3.11/bin/raw2wav'
SAMPFREQ='44100'
SATBAPOCCTHRESH='2000.0'
SATDUROCCTHRESH='5000.0'
SATLF0OCCTHRESH='2000.0'
SATMGCOCCTHRESH='10000.0'
SATTREEKIND='dec'
SHELL='/bin/bash'
SOPR='/home/airenas/projects/hts-scripts/bin/SPTK-3.11/bin/sopr'
STEPDEC='0.5'
STEPINC='1.2'
STEPINIT='1.0'
STRAIGHT=''
SWAB='/home/airenas/projects/hts-scripts/bin/SPTK-3.11/bin/swab'
TEXT2UTT='/home/airenas/projects/hts-scripts/tools/festival/examples/text2utt'
TRAINSPKR='BRO JOK JUK LUK MAK MIC NAS PLA'
TRANSKIND='feat'
TREEKIND='dec'
USEDCOV='FALSE'
USEDNN='0'
USEGV='0'
USEHMMGV='1'
USEMAPLR='TRUE'
USESTRAIGHT='0'
USESTRUCTURALPRIOR='TRUE'
USEUTT='1'
USEVBLR='FALSE'
VER='1'
VOPR='/home/airenas/projects/hts-scripts/bin/SPTK-3.11/bin/vopr'
VSTAT='/home/airenas/projects/hts-scripts/bin/SPTK-3.11/bin/vstat'
VSUM='/home/airenas/projects/hts-scripts/bin/SPTK-3.11/bin/vsum'
WAV2RAW='/home/airenas/projects/hts-scripts/bin/SPTK-3.11/bin/wav2raw'
WC='/usr/bin/wc'
WFLOOR='5000'
WINDOW='/home/airenas/projects/hts-scripts/bin/SPTK-3.11/bin/window'
WINDOWTYPE='1'
X2X='/home/airenas/projects/hts-scripts/bin/SPTK-3.11/bin/x2x'
bindir='${exec_prefix}/bin'
build_alias=''
datadir='${datarootdir}'
datarootdir='${prefix}/share'
docdir='${datarootdir}/doc/${PACKAGE_TARNAME}'
dvidir='${docdir}'
exec_prefix='${prefix}'
host_alias=''
htmldir='${docdir}'
includedir='${prefix}/include'
infodir='${datarootdir}/info'
libdir='${exec_prefix}/lib'
libexecdir='${exec_prefix}/libexec'
localedir='${datarootdir}/locale'
localstatedir='${prefix}/var'
mandir='${datarootdir}/man'
oldincludedir='/usr/include'
pdfdir='${docdir}'
prefix='/usr/local'
program_transform_name='s,x,x,'
psdir='${docdir}'
runstatedir='${localstatedir}/run'
sbindir='${exec_prefix}/sbin'
sharedstatedir='${prefix}/com'
sysconfdir='${prefix}/etc'
target_alias=''

## ----------- ##
## confdefs.h. ##
## ----------- ##

/* confdefs.h */
#define PACKAGE_NAME "HTS-demo_CMU-ARCTIC-ADAPT"
#define PACKAGE_TARNAME "hts-demo_cmu-arctic-adapt"
#define PACKAGE_VERSION "2.3.2"
#define PACKAGE_STRING "HTS-demo_CMU-ARCTIC-ADAPT 2.3.2"
#define PACKAGE_BUGREPORT "hts-users@sp.nitech.ac.jp"
#define PACKAGE_URL ""

configure: exit 0
